

Started GET "/" for ::1 at 2017-01-28 18:35:03 +0200
Processing by Rails::WelcomeController#index as HTML
  Rendered /Users/gabrielpaciornik/.rvm/gems/ruby-2.2.0/gems/railties-4.2.6/lib/rails/templates/rails/welcome/index.html.erb (8.4ms)
Completed 200 OK in 96ms (Views: 52.3ms | ActiveRecord: 0.0ms)
  [1m[36m (2.3ms)[0m  [1mCREATE TABLE "schema_migrations" ("version" varchar NOT NULL) [0m
  [1m[35m (0.5ms)[0m  select sqlite_version(*)
  [1m[36m (1.6ms)[0m  [1mCREATE UNIQUE INDEX "unique_schema_migrations" ON "schema_migrations" ("version")[0m
  [1m[35mActiveRecord::SchemaMigration Load (0.2ms)[0m  SELECT "schema_migrations".* FROM "schema_migrations"
Migrating to CreateUsers (20170128192936)
  [1m[36m (0.1ms)[0m  [1mbegin transaction[0m
  [1m[35m (0.7ms)[0m  CREATE TABLE "users" ("id" INTEGER PRIMARY KEY AUTOINCREMENT NOT NULL, "name" varchar, "email" varchar, "created_at" datetime NOT NULL, "updated_at" datetime NOT NULL) 
  [1m[36mSQL (0.2ms)[0m  [1mINSERT INTO "schema_migrations" ("version") VALUES (?)[0m  [["version", "20170128192936"]]
  [1m[35m (1.2ms)[0m  commit transaction
  [1m[36mActiveRecord::SchemaMigration Load (0.1ms)[0m  [1mSELECT "schema_migrations".* FROM "schema_migrations"[0m


Started GET "/" for ::1 at 2017-01-28 21:30:25 +0200
  [1m[36mActiveRecord::SchemaMigration Load (0.2ms)[0m  [1mSELECT "schema_migrations".* FROM "schema_migrations"[0m
Processing by Rails::WelcomeController#index as HTML
  Rendered /Users/gabrielpaciornik/.rvm/gems/ruby-2.2.0/gems/railties-4.2.6/lib/rails/templates/rails/welcome/index.html.erb (2.3ms)
Completed 200 OK in 36ms (Views: 12.5ms | ActiveRecord: 0.0ms)


Started GET "/users" for ::1 at 2017-01-28 21:38:16 +0200
Processing by UsersController#index as HTML
  [1m[35mUser Load (0.2ms)[0m  SELECT "users".* FROM "users"
  Rendered users/index.html.erb within layouts/application (3.3ms)
Completed 200 OK in 1187ms (Views: 1183.8ms | ActiveRecord: 0.4ms)


Started GET "/assets/scaffolds.self-6a71f50b410466959b4ab68ddded91f5542caf26cbd7d8ab1a5a6b8963ee4a20.css?body=1" for ::1 at 2017-01-28 21:38:17 +0200


Started GET "/assets/application.self-e80e8f2318043e8af94dddc2adad5a4f09739a8ebb323b3ab31cd71d45fd9113.css?body=1" for ::1 at 2017-01-28 21:38:17 +0200


Started GET "/assets/jquery.self-bd7ddd393353a8d2480a622e80342adf488fb6006d667e8b42e4c0073393abee.js?body=1" for ::1 at 2017-01-28 21:38:17 +0200


Started GET "/assets/users.self-e3b0c44298fc1c149afbf4c8996fb92427ae41e4649b934ca495991b7852b855.css?body=1" for ::1 at 2017-01-28 21:38:17 +0200


Started GET "/assets/jquery_ujs.self-784a997f6726036b1993eb2217c9cb558e1cbb801c6da88105588c56f13b466a.js?body=1" for ::1 at 2017-01-28 21:38:17 +0200


Started GET "/assets/turbolinks.self-c5acd7a204f5f25ce7a1d8a0e4d92e28d34c9e2df2c7371cd7af88e147e4ad82.js?body=1" for ::1 at 2017-01-28 21:38:17 +0200


Started GET "/assets/users.self-877aef30ae1b040ab8a3aba4e3e309a11d7f2612f44dde450b5c157aa5f95c05.js?body=1" for ::1 at 2017-01-28 21:38:18 +0200


Started GET "/assets/application.self-3b8dabdc891efe46b9a144b400ad69e37d7e5876bdc39dee783419a69d7ca819.js?body=1" for ::1 at 2017-01-28 21:38:18 +0200


Started GET "/" for ::1 at 2017-01-29 08:56:44 +0200
  [1m[36mActiveRecord::SchemaMigration Load (0.5ms)[0m  [1mSELECT "schema_migrations".* FROM "schema_migrations"[0m
Processing by Rails::WelcomeController#index as HTML
  Rendered /Users/gabrielpaciornik/.rvm/gems/ruby-2.2.0/gems/railties-4.2.6/lib/rails/templates/rails/welcome/index.html.erb (2.7ms)
Completed 200 OK in 41ms (Views: 16.0ms | ActiveRecord: 0.0ms)


Started GET "/users" for ::1 at 2017-01-29 08:56:51 +0200
Processing by UsersController#index as HTML
Completed 500 Internal Server Error in 5ms (ActiveRecord: 0.2ms)

NoMethodError (undefined method `attr_accessible' for #<Class:0x007fea6c746d10>):
  app/models/user.rb:2:in `<class:User>'
  app/models/user.rb:1:in `<top (required)>'
  app/controllers/users_controller.rb:7:in `index'


  Rendered /Users/gabrielpaciornik/.rvm/gems/ruby-2.2.0/gems/actionpack-4.2.6/lib/action_dispatch/middleware/templates/rescues/_source.erb (8.2ms)
  Rendered /Users/gabrielpaciornik/.rvm/gems/ruby-2.2.0/gems/actionpack-4.2.6/lib/action_dispatch/middleware/templates/rescues/_trace.html.erb (48.8ms)
  Rendered /Users/gabrielpaciornik/.rvm/gems/ruby-2.2.0/gems/actionpack-4.2.6/lib/action_dispatch/middleware/templates/rescues/_request_and_response.html.erb (1.1ms)
  Rendered /Users/gabrielpaciornik/.rvm/gems/ruby-2.2.0/gems/actionpack-4.2.6/lib/action_dispatch/middleware/templates/rescues/diagnostics.html.erb within rescues/layout (84.1ms)
  Rendered /Users/gabrielpaciornik/.rvm/gems/ruby-2.2.0/gems/web-console-2.3.0/lib/web_console/templates/_markup.html.erb (0.8ms)
  Rendered /Users/gabrielpaciornik/.rvm/gems/ruby-2.2.0/gems/web-console-2.3.0/lib/web_console/templates/_inner_console_markup.html.erb within layouts/inlined_string (0.5ms)
  Rendered /Users/gabrielpaciornik/.rvm/gems/ruby-2.2.0/gems/web-console-2.3.0/lib/web_console/templates/_prompt_box_markup.html.erb within layouts/inlined_string (0.4ms)
  Rendered /Users/gabrielpaciornik/.rvm/gems/ruby-2.2.0/gems/web-console-2.3.0/lib/web_console/templates/style.css.erb within layouts/inlined_string (0.5ms)
  Rendered /Users/gabrielpaciornik/.rvm/gems/ruby-2.2.0/gems/web-console-2.3.0/lib/web_console/templates/console.js.erb within layouts/javascript (119.0ms)
  Rendered /Users/gabrielpaciornik/.rvm/gems/ruby-2.2.0/gems/web-console-2.3.0/lib/web_console/templates/main.js.erb within layouts/javascript (0.8ms)
  Rendered /Users/gabrielpaciornik/.rvm/gems/ruby-2.2.0/gems/web-console-2.3.0/lib/web_console/templates/error_page.js.erb within layouts/javascript (0.7ms)
  Rendered /Users/gabrielpaciornik/.rvm/gems/ruby-2.2.0/gems/web-console-2.3.0/lib/web_console/templates/index.html.erb (190.7ms)


Started GET "/user" for ::1 at 2017-01-29 08:56:56 +0200

ActionController::RoutingError (No route matches [GET] "/user"):
  actionpack (4.2.6) lib/action_dispatch/middleware/debug_exceptions.rb:21:in `call'
  web-console (2.3.0) lib/web_console/middleware.rb:28:in `block in call'
  web-console (2.3.0) lib/web_console/middleware.rb:18:in `catch'
  web-console (2.3.0) lib/web_console/middleware.rb:18:in `call'
  actionpack (4.2.6) lib/action_dispatch/middleware/show_exceptions.rb:30:in `call'
  railties (4.2.6) lib/rails/rack/logger.rb:38:in `call_app'
  railties (4.2.6) lib/rails/rack/logger.rb:20:in `block in call'
  activesupport (4.2.6) lib/active_support/tagged_logging.rb:68:in `block in tagged'
  activesupport (4.2.6) lib/active_support/tagged_logging.rb:26:in `tagged'
  activesupport (4.2.6) lib/active_support/tagged_logging.rb:68:in `tagged'
  railties (4.2.6) lib/rails/rack/logger.rb:20:in `call'
  actionpack (4.2.6) lib/action_dispatch/middleware/request_id.rb:21:in `call'
  rack (1.6.5) lib/rack/methodoverride.rb:22:in `call'
  rack (1.6.5) lib/rack/runtime.rb:18:in `call'
  activesupport (4.2.6) lib/active_support/cache/strategy/local_cache_middleware.rb:28:in `call'
  rack (1.6.5) lib/rack/lock.rb:17:in `call'
  actionpack (4.2.6) lib/action_dispatch/middleware/static.rb:120:in `call'
  rack (1.6.5) lib/rack/sendfile.rb:113:in `call'
  railties (4.2.6) lib/rails/engine.rb:518:in `call'
  railties (4.2.6) lib/rails/application.rb:165:in `call'
  rack (1.6.5) lib/rack/lock.rb:17:in `call'
  rack (1.6.5) lib/rack/content_length.rb:15:in `call'
  rack (1.6.5) lib/rack/handler/webrick.rb:88:in `service'
  /System/Library/Frameworks/Ruby.framework/Versions/2.0/usr/lib/ruby/2.0.0/webrick/httpserver.rb:138:in `service'
  /System/Library/Frameworks/Ruby.framework/Versions/2.0/usr/lib/ruby/2.0.0/webrick/httpserver.rb:94:in `run'
  /System/Library/Frameworks/Ruby.framework/Versions/2.0/usr/lib/ruby/2.0.0/webrick/server.rb:295:in `block in start_thread'


  Rendered /Users/gabrielpaciornik/.rvm/gems/ruby-2.2.0/gems/actionpack-4.2.6/lib/action_dispatch/middleware/templates/rescues/_trace.html.erb (1.2ms)
  Rendered /Users/gabrielpaciornik/.rvm/gems/ruby-2.2.0/gems/actionpack-4.2.6/lib/action_dispatch/middleware/templates/routes/_route.html.erb (1.1ms)
  Rendered /Users/gabrielpaciornik/.rvm/gems/ruby-2.2.0/gems/actionpack-4.2.6/lib/action_dispatch/middleware/templates/routes/_table.html.erb (34.5ms)
  Rendered /Users/gabrielpaciornik/.rvm/gems/ruby-2.2.0/gems/actionpack-4.2.6/lib/action_dispatch/middleware/templates/rescues/_request_and_response.html.erb (1.8ms)
  Rendered /Users/gabrielpaciornik/.rvm/gems/ruby-2.2.0/gems/actionpack-4.2.6/lib/action_dispatch/middleware/templates/rescues/routing_error.html.erb within rescues/layout (69.7ms)
  Rendered /Users/gabrielpaciornik/.rvm/gems/ruby-2.2.0/gems/web-console-2.3.0/lib/web_console/templates/_markup.html.erb (0.5ms)
  Rendered /Users/gabrielpaciornik/.rvm/gems/ruby-2.2.0/gems/web-console-2.3.0/lib/web_console/templates/_inner_console_markup.html.erb within layouts/inlined_string (0.4ms)
  Rendered /Users/gabrielpaciornik/.rvm/gems/ruby-2.2.0/gems/web-console-2.3.0/lib/web_console/templates/_prompt_box_markup.html.erb within layouts/inlined_string (0.2ms)
  Rendered /Users/gabrielpaciornik/.rvm/gems/ruby-2.2.0/gems/web-console-2.3.0/lib/web_console/templates/style.css.erb within layouts/inlined_string (0.3ms)
  Rendered /Users/gabrielpaciornik/.rvm/gems/ruby-2.2.0/gems/web-console-2.3.0/lib/web_console/templates/console.js.erb within layouts/javascript (17.4ms)
  Rendered /Users/gabrielpaciornik/.rvm/gems/ruby-2.2.0/gems/web-console-2.3.0/lib/web_console/templates/main.js.erb within layouts/javascript (0.4ms)
  Rendered /Users/gabrielpaciornik/.rvm/gems/ruby-2.2.0/gems/web-console-2.3.0/lib/web_console/templates/error_page.js.erb within layouts/javascript (0.4ms)
  Rendered /Users/gabrielpaciornik/.rvm/gems/ruby-2.2.0/gems/web-console-2.3.0/lib/web_console/templates/index.html.erb (38.0ms)


Started GET "/users" for ::1 at 2017-01-29 08:57:03 +0200
Processing by UsersController#index as HTML
Completed 500 Internal Server Error in 5ms (ActiveRecord: 0.0ms)

NoMethodError (undefined method `attr_accessible' for #<Class:0x007fea6ef9cf30>):
  app/models/user.rb:2:in `<class:User>'
  app/models/user.rb:1:in `<top (required)>'
  app/controllers/users_controller.rb:7:in `index'


  Rendered /Users/gabrielpaciornik/.rvm/gems/ruby-2.2.0/gems/actionpack-4.2.6/lib/action_dispatch/middleware/templates/rescues/_source.erb (5.1ms)
  Rendered /Users/gabrielpaciornik/.rvm/gems/ruby-2.2.0/gems/actionpack-4.2.6/lib/action_dispatch/middleware/templates/rescues/_trace.html.erb (1.9ms)
  Rendered /Users/gabrielpaciornik/.rvm/gems/ruby-2.2.0/gems/actionpack-4.2.6/lib/action_dispatch/middleware/templates/rescues/_request_and_response.html.erb (1.1ms)
  Rendered /Users/gabrielpaciornik/.rvm/gems/ruby-2.2.0/gems/actionpack-4.2.6/lib/action_dispatch/middleware/templates/rescues/diagnostics.html.erb within rescues/layout (21.5ms)
  Rendered /Users/gabrielpaciornik/.rvm/gems/ruby-2.2.0/gems/web-console-2.3.0/lib/web_console/templates/_markup.html.erb (0.3ms)
  Rendered /Users/gabrielpaciornik/.rvm/gems/ruby-2.2.0/gems/web-console-2.3.0/lib/web_console/templates/_inner_console_markup.html.erb within layouts/inlined_string (1.0ms)
  Rendered /Users/gabrielpaciornik/.rvm/gems/ruby-2.2.0/gems/web-console-2.3.0/lib/web_console/templates/_prompt_box_markup.html.erb within layouts/inlined_string (0.4ms)
  Rendered /Users/gabrielpaciornik/.rvm/gems/ruby-2.2.0/gems/web-console-2.3.0/lib/web_console/templates/style.css.erb within layouts/inlined_string (0.4ms)
  Rendered /Users/gabrielpaciornik/.rvm/gems/ruby-2.2.0/gems/web-console-2.3.0/lib/web_console/templates/console.js.erb within layouts/javascript (23.3ms)
  Rendered /Users/gabrielpaciornik/.rvm/gems/ruby-2.2.0/gems/web-console-2.3.0/lib/web_console/templates/main.js.erb within layouts/javascript (0.4ms)
  Rendered /Users/gabrielpaciornik/.rvm/gems/ruby-2.2.0/gems/web-console-2.3.0/lib/web_console/templates/error_page.js.erb within layouts/javascript (0.5ms)
  Rendered /Users/gabrielpaciornik/.rvm/gems/ruby-2.2.0/gems/web-console-2.3.0/lib/web_console/templates/index.html.erb (43.7ms)


Started GET "/users" for ::1 at 2017-01-29 08:57:35 +0200
  [1m[36mActiveRecord::SchemaMigration Load (0.6ms)[0m  [1mSELECT "schema_migrations".* FROM "schema_migrations"[0m
Processing by UsersController#index as HTML
  [1m[35mUser Load (0.5ms)[0m  SELECT "users".* FROM "users"
  Rendered users/index.html.erb within layouts/application (4.4ms)
Completed 200 OK in 501ms (Views: 470.6ms | ActiveRecord: 0.7ms)


Started GET "/assets/scaffolds.self-6a71f50b410466959b4ab68ddded91f5542caf26cbd7d8ab1a5a6b8963ee4a20.css?body=1" for ::1 at 2017-01-29 08:57:36 +0200


Started GET "/assets/users.self-e3b0c44298fc1c149afbf4c8996fb92427ae41e4649b934ca495991b7852b855.css?body=1" for ::1 at 2017-01-29 08:57:36 +0200


Started GET "/assets/jquery_ujs.self-784a997f6726036b1993eb2217c9cb558e1cbb801c6da88105588c56f13b466a.js?body=1" for ::1 at 2017-01-29 08:57:36 +0200


Started GET "/assets/jquery.self-bd7ddd393353a8d2480a622e80342adf488fb6006d667e8b42e4c0073393abee.js?body=1" for ::1 at 2017-01-29 08:57:36 +0200


Started GET "/assets/application.self-e80e8f2318043e8af94dddc2adad5a4f09739a8ebb323b3ab31cd71d45fd9113.css?body=1" for ::1 at 2017-01-29 08:57:36 +0200


Started GET "/assets/turbolinks.self-c5acd7a204f5f25ce7a1d8a0e4d92e28d34c9e2df2c7371cd7af88e147e4ad82.js?body=1" for ::1 at 2017-01-29 08:57:36 +0200


Started GET "/assets/users.self-877aef30ae1b040ab8a3aba4e3e309a11d7f2612f44dde450b5c157aa5f95c05.js?body=1" for ::1 at 2017-01-29 08:57:37 +0200


Started GET "/assets/application.self-3b8dabdc891efe46b9a144b400ad69e37d7e5876bdc39dee783419a69d7ca819.js?body=1" for ::1 at 2017-01-29 08:57:37 +0200


Started GET "/users/new" for ::1 at 2017-01-29 08:57:40 +0200
Processing by UsersController#new as HTML
  Rendered users/_form.html.erb (42.4ms)
  Rendered users/new.html.erb within layouts/application (46.9ms)
Completed 200 OK in 78ms (Views: 68.3ms | ActiveRecord: 0.3ms)


Started POST "/users" for ::1 at 2017-01-29 08:57:56 +0200
Processing by UsersController#create as HTML
  Parameters: {"utf8"=>"✓", "authenticity_token"=>"fg0CNBtt8s1VY5wSLCnphVIX+mOOC6h9Uy5R4pp50RahTLgH42sAYwny6F9sn79U7t7Q61kfDVyDvxYM2/qsIw==", "user"=>{"name"=>"Rodolfo", "email"=>"rodolfo@gmail.com"}, "commit"=>"Create User"}
  [1m[36m (0.1ms)[0m  [1mbegin transaction[0m
  [1m[35mSQL (0.9ms)[0m  INSERT INTO "users" ("name", "email", "created_at", "updated_at") VALUES (?, ?, ?, ?)  [["name", "Rodolfo"], ["email", "rodolfo@gmail.com"], ["created_at", "2017-01-29 06:57:56.515335"], ["updated_at", "2017-01-29 06:57:56.515335"]]
  [1m[36m (1.2ms)[0m  [1mcommit transaction[0m
Redirected to http://localhost:3000/users/1
Completed 302 Found in 10ms (ActiveRecord: 2.2ms)


Started GET "/users/1" for ::1 at 2017-01-29 08:57:56 +0200
Processing by UsersController#show as HTML
  Parameters: {"id"=>"1"}
  [1m[35mUser Load (0.3ms)[0m  SELECT  "users".* FROM "users" WHERE "users"."id" = ? LIMIT 1  [["id", 1]]
  Rendered users/show.html.erb within layouts/application (1.6ms)
Completed 200 OK in 34ms (Views: 19.2ms | ActiveRecord: 0.3ms)


Started GET "/users/" for ::1 at 2017-01-29 08:58:47 +0200
  [1m[36mActiveRecord::SchemaMigration Load (0.2ms)[0m  [1mSELECT "schema_migrations".* FROM "schema_migrations"[0m
Processing by UsersController#index as HTML
Completed 500 Internal Server Error in 28ms (ActiveRecord: 0.3ms)

NoMethodError (undefined method `attr_accessible' for #<Class:0x007fc3e5afe4b0>):
  app/models/user.rb:2:in `<class:User>'
  app/models/user.rb:1:in `<top (required)>'
  app/controllers/users_controller.rb:7:in `index'


  Rendered /Users/gabrielpaciornik/.rvm/gems/ruby-2.2.0/gems/actionpack-4.2.6/lib/action_dispatch/middleware/templates/rescues/_source.erb (6.4ms)
  Rendered /Users/gabrielpaciornik/.rvm/gems/ruby-2.2.0/gems/actionpack-4.2.6/lib/action_dispatch/middleware/templates/rescues/_trace.html.erb (2.5ms)
  Rendered /Users/gabrielpaciornik/.rvm/gems/ruby-2.2.0/gems/actionpack-4.2.6/lib/action_dispatch/middleware/templates/rescues/_request_and_response.html.erb (1.0ms)
  Rendered /Users/gabrielpaciornik/.rvm/gems/ruby-2.2.0/gems/actionpack-4.2.6/lib/action_dispatch/middleware/templates/rescues/diagnostics.html.erb within rescues/layout (31.4ms)
  Rendered /Users/gabrielpaciornik/.rvm/gems/ruby-2.2.0/gems/web-console-2.3.0/lib/web_console/templates/_markup.html.erb (0.5ms)
  Rendered /Users/gabrielpaciornik/.rvm/gems/ruby-2.2.0/gems/web-console-2.3.0/lib/web_console/templates/_inner_console_markup.html.erb within layouts/inlined_string (0.4ms)
  Rendered /Users/gabrielpaciornik/.rvm/gems/ruby-2.2.0/gems/web-console-2.3.0/lib/web_console/templates/_prompt_box_markup.html.erb within layouts/inlined_string (0.5ms)
  Rendered /Users/gabrielpaciornik/.rvm/gems/ruby-2.2.0/gems/web-console-2.3.0/lib/web_console/templates/style.css.erb within layouts/inlined_string (0.5ms)
  Rendered /Users/gabrielpaciornik/.rvm/gems/ruby-2.2.0/gems/web-console-2.3.0/lib/web_console/templates/console.js.erb within layouts/javascript (72.8ms)
  Rendered /Users/gabrielpaciornik/.rvm/gems/ruby-2.2.0/gems/web-console-2.3.0/lib/web_console/templates/main.js.erb within layouts/javascript (0.4ms)
  Rendered /Users/gabrielpaciornik/.rvm/gems/ruby-2.2.0/gems/web-console-2.3.0/lib/web_console/templates/error_page.js.erb within layouts/javascript (0.6ms)
  Rendered /Users/gabrielpaciornik/.rvm/gems/ruby-2.2.0/gems/web-console-2.3.0/lib/web_console/templates/index.html.erb (100.1ms)
